mode: set
webhook-processor/cmd/webhook-api/main.go:24.13,27.16 2 0
webhook-processor/cmd/webhook-api/main.go:27.16,30.3 2 0
webhook-processor/cmd/webhook-api/main.go:33.2,38.16 4 0
webhook-processor/cmd/webhook-api/main.go:38.16,41.3 2 0
webhook-processor/cmd/webhook-api/main.go:42.2,46.16 3 0
webhook-processor/cmd/webhook-api/main.go:46.16,49.3 2 0
webhook-processor/cmd/webhook-api/main.go:50.2,51.16 2 0
webhook-processor/cmd/webhook-api/main.go:51.16,54.3 2 0
webhook-processor/cmd/webhook-api/main.go:57.2,86.12 7 0
webhook-processor/cmd/webhook-api/main.go:86.12,88.84 2 0
webhook-processor/cmd/webhook-api/main.go:88.84,91.4 2 0
webhook-processor/cmd/webhook-api/main.go:95.2,105.49 7 0
webhook-processor/cmd/webhook-api/main.go:105.49,108.3 2 0
webhook-processor/cmd/webhook-api/main.go:110.2,110.64 1 0
webhook-processor/cmd/webhook-api/main.go:114.31,118.2 3 0
webhook-processor/cmd/webhook-processor/main.go:23.13,26.16 2 0
webhook-processor/cmd/webhook-processor/main.go:26.16,29.3 2 0
webhook-processor/cmd/webhook-processor/main.go:32.2,37.16 4 0
webhook-processor/cmd/webhook-processor/main.go:37.16,40.3 2 0
webhook-processor/cmd/webhook-processor/main.go:41.2,45.16 3 0
webhook-processor/cmd/webhook-processor/main.go:45.16,48.3 2 0
webhook-processor/cmd/webhook-processor/main.go:49.2,50.16 2 0
webhook-processor/cmd/webhook-processor/main.go:50.16,53.3 2 0
webhook-processor/cmd/webhook-processor/main.go:56.2,74.43 6 0
webhook-processor/cmd/webhook-processor/main.go:74.43,77.3 2 0
webhook-processor/cmd/webhook-processor/main.go:78.2,81.12 2 0
webhook-processor/cmd/webhook-processor/main.go:81.12,84.59 3 0
webhook-processor/cmd/webhook-processor/main.go:84.59,86.4 1 0
webhook-processor/cmd/webhook-processor/main.go:92.2,100.42 5 0
webhook-processor/cmd/webhook-processor/main.go:100.42,102.3 1 0
webhook-processor/cmd/webhook-processor/main.go:102.8,104.3 1 0
webhook-processor/cmd/webhook-processor/main.go:107.2,107.39 1 0
webhook-processor/cmd/webhook-processor/main.go:107.39,109.3 1 0
webhook-processor/cmd/webhook-processor/main.go:111.2,111.70 1 0
webhook-processor/cmd/webhook-processor/main.go:115.31,121.2 4 0
webhook-processor/internal/config/config.go:60.36,87.42 3 0
webhook-processor/internal/config/config.go:87.42,89.3 1 0
webhook-processor/internal/config/config.go:91.2,91.20 1 0
webhook-processor/internal/config/config.go:95.35,96.27 1 0
webhook-processor/internal/config/config.go:96.27,98.3 1 0
webhook-processor/internal/config/config.go:99.2,99.27 1 0
webhook-processor/internal/config/config.go:99.27,101.3 1 0
webhook-processor/internal/config/config.go:102.2,102.29 1 0
webhook-processor/internal/config/config.go:102.29,104.3 1 0
webhook-processor/internal/config/config.go:105.2,105.31 1 0
webhook-processor/internal/config/config.go:105.31,107.3 1 0
webhook-processor/internal/config/config.go:108.2,108.57 1 0
webhook-processor/internal/config/config.go:108.57,110.3 1 0
webhook-processor/internal/config/config.go:111.2,111.12 1 0
webhook-processor/internal/config/config.go:115.42,124.2 1 0
webhook-processor/internal/config/config.go:128.46,129.42 1 0
webhook-processor/internal/config/config.go:129.42,131.3 1 0
webhook-processor/internal/config/config.go:132.2,132.21 1 0
webhook-processor/internal/config/config.go:135.52,136.42 1 0
webhook-processor/internal/config/config.go:136.42,137.55 1 0
webhook-processor/internal/config/config.go:137.55,139.4 1 0
webhook-processor/internal/config/config.go:141.2,141.21 1 0
webhook-processor/internal/config/config.go:144.77,145.42 1 0
webhook-processor/internal/config/config.go:145.42,146.61 1 0
webhook-processor/internal/config/config.go:146.61,148.4 1 0
webhook-processor/internal/config/config.go:150.2,150.21 1 0
webhook-processor/internal/config/config.go:154.52,207.2 1 0
webhook-processor/internal/application/workers/webhook_worker.go:38.18,51.2 2 0
webhook-processor/internal/application/workers/webhook_worker.go:54.39,58.15 3 0
webhook-processor/internal/application/workers/webhook_worker.go:58.15,60.3 1 0
webhook-processor/internal/application/workers/webhook_worker.go:62.2,70.12 5 0
webhook-processor/internal/application/workers/webhook_worker.go:74.38,78.16 3 0
webhook-processor/internal/application/workers/webhook_worker.go:78.16,80.3 1 0
webhook-processor/internal/application/workers/webhook_worker.go:82.2,92.12 6 0
webhook-processor/internal/application/workers/webhook_worker.go:96.40,98.2 1 0
webhook-processor/internal/application/workers/webhook_worker.go:101.45,103.2 1 0
webhook-processor/internal/application/workers/webhook_worker.go:106.39,112.6 4 0
webhook-processor/internal/application/workers/webhook_worker.go:112.6,113.10 1 0
webhook-processor/internal/application/workers/webhook_worker.go:114.23,117.10 2 0
webhook-processor/internal/application/workers/webhook_worker.go:118.19,119.26 1 0
webhook-processor/internal/application/workers/webhook_worker.go:125.46,130.15 3 0
webhook-processor/internal/application/workers/webhook_worker.go:130.15,132.27 1 0
webhook-processor/internal/application/workers/webhook_worker.go:132.27,135.4 2 0
webhook-processor/internal/application/workers/webhook_worker.go:139.2,140.16 2 0
webhook-processor/internal/application/workers/webhook_worker.go:140.16,144.3 2 0
webhook-processor/internal/application/workers/webhook_worker.go:146.2,146.20 1 0
webhook-processor/internal/application/workers/webhook_worker.go:146.20,149.3 1 0
webhook-processor/internal/application/workers/webhook_worker.go:152.2,152.73 1 0
webhook-processor/internal/application/workers/webhook_worker.go:152.73,157.85 2 0
webhook-processor/internal/application/workers/webhook_worker.go:157.85,160.4 1 0
webhook-processor/internal/application/workers/webhook_worker.go:163.3,163.34 1 0
webhook-processor/internal/application/workers/webhook_worker.go:163.34,165.4 1 0
webhook-processor/internal/application/workers/webhook_worker.go:165.9,167.4 1 0
webhook-processor/internal/application/workers/webhook_worker.go:168.8,171.3 1 0
webhook-processor/internal/application/workers/worker_pool.go:31.15,39.2 1 0
webhook-processor/internal/application/workers/worker_pool.go:42.37,46.16 3 0
webhook-processor/internal/application/workers/worker_pool.go:46.16,48.3 1 0
webhook-processor/internal/application/workers/worker_pool.go:50.2,54.49 2 0
webhook-processor/internal/application/workers/worker_pool.go:54.49,63.40 2 0
webhook-processor/internal/application/workers/worker_pool.go:63.40,68.4 2 0
webhook-processor/internal/application/workers/worker_pool.go:70.3,75.44 2 0
webhook-processor/internal/application/workers/worker_pool.go:78.2,82.12 3 0
webhook-processor/internal/application/workers/worker_pool.go:86.36,90.17 3 0
webhook-processor/internal/application/workers/worker_pool.go:90.17,92.3 1 0
webhook-processor/internal/application/workers/worker_pool.go:94.2,101.12 5 0
webhook-processor/internal/application/workers/worker_pool.go:105.37,108.36 2 0
webhook-processor/internal/application/workers/worker_pool.go:108.36,110.29 2 0
webhook-processor/internal/application/workers/worker_pool.go:110.29,112.35 2 0
webhook-processor/internal/application/workers/worker_pool.go:112.35,115.5 1 0
webhook-processor/internal/application/workers/worker_pool.go:119.2,120.29 2 0
webhook-processor/internal/infrastructure/metrics/webhook_metrics.go:21.42,42.2 1 0
webhook-processor/internal/infrastructure/metrics/webhook_metrics.go:45.105,54.2 4 0
webhook-processor/internal/infrastructure/models/webhook_config_model.go:25.46,27.2 1 0
webhook-processor/internal/infrastructure/models/webhook_config_model.go:30.62,33.2 2 0
webhook-processor/internal/infrastructure/models/webhook_queue_model.go:95.45,97.2 1 0
webhook-processor/internal/infrastructure/models/webhook_queue_model.go:100.61,101.27 1 0
webhook-processor/internal/infrastructure/models/webhook_queue_model.go:101.27,103.3 1 0
webhook-processor/internal/infrastructure/models/webhook_queue_model.go:104.2,104.12 1 0
webhook-processor/internal/infrastructure/models/webhook_queue_model.go:108.61,111.2 2 0
webhook-processor/internal/infrastructure/database/database.go:14.56,22.16 3 0
webhook-processor/internal/infrastructure/database/database.go:22.16,24.3 1 0
webhook-processor/internal/infrastructure/database/database.go:27.2,28.16 2 0
webhook-processor/internal/infrastructure/database/database.go:28.16,30.3 1 0
webhook-processor/internal/infrastructure/database/database.go:33.2,38.37 4 0
webhook-processor/internal/infrastructure/database/database.go:38.37,40.3 1 0
webhook-processor/internal/infrastructure/database/database.go:42.2,42.16 1 0
webhook-processor/internal/mocks/mock_webhook_config_repository.go:33.91,37.2 3 0
webhook-processor/internal/mocks/mock_webhook_config_repository.go:40.89,42.2 1 0
webhook-processor/internal/mocks/mock_webhook_config_repository.go:45.111,51.2 5 0
webhook-processor/internal/mocks/mock_webhook_config_repository.go:54.86,57.2 2 0
webhook-processor/internal/mocks/mock_webhook_queue_repository.go:34.89,38.2 3 0
webhook-processor/internal/mocks/mock_webhook_queue_repository.go:41.87,43.2 1 0
webhook-processor/internal/mocks/mock_webhook_queue_repository.go:46.104,51.2 4 0
webhook-processor/internal/mocks/mock_webhook_queue_repository.go:54.89,57.2 2 0
webhook-processor/internal/mocks/mock_webhook_queue_repository.go:60.152,66.2 5 0
webhook-processor/internal/mocks/mock_webhook_queue_repository.go:69.123,72.2 2 0
webhook-processor/internal/mocks/mock_webhook_queue_repository.go:75.127,80.2 4 0
webhook-processor/internal/mocks/mock_webhook_queue_repository.go:83.119,86.2 2 0
webhook-processor/internal/mocks/mock_webhook_queue_repository.go:89.110,94.2 4 0
webhook-processor/internal/mocks/mock_webhook_queue_repository.go:97.105,100.2 2 0
webhook-processor/internal/mocks/mock_webhook_queue_repository.go:103.104,108.2 4 0
webhook-processor/internal/mocks/mock_webhook_queue_repository.go:111.89,114.2 2 0
webhook-processor/internal/mocks/mock_webhook_queue_repository.go:117.227,122.2 4 0
webhook-processor/internal/mocks/mock_webhook_queue_repository.go:125.187,128.2 2 0
webhook-processor/internal/mocks/mock_webhook_service.go:34.73,38.2 3 0
webhook-processor/internal/mocks/mock_webhook_service.go:41.71,43.2 1 0
webhook-processor/internal/mocks/mock_webhook_service.go:46.130,52.2 5 0
webhook-processor/internal/mocks/mock_webhook_service.go:55.86,58.2 2 0
webhook-processor/internal/transport/http/dtos.go:40.84,46.2 1 1
webhook-processor/internal/transport/http/dtos.go:49.93,53.32 4 1
webhook-processor/internal/transport/http/dtos.go:53.32,55.3 1 1
webhook-processor/internal/transport/http/dtos.go:59.79,65.2 5 1
webhook-processor/internal/transport/http/endpoints.go:17.62,22.2 1 1
webhook-processor/internal/transport/http/endpoints.go:25.63,26.77 1 1
webhook-processor/internal/transport/http/endpoints.go:26.77,29.17 3 1
webhook-processor/internal/transport/http/endpoints.go:29.17,31.4 1 1
webhook-processor/internal/transport/http/endpoints.go:32.3,32.23 1 1
webhook-processor/internal/transport/http/endpoints.go:37.59,38.77 1 1
webhook-processor/internal/transport/http/endpoints.go:38.77,40.17 2 1
webhook-processor/internal/transport/http/endpoints.go:40.17,42.4 1 0
webhook-processor/internal/transport/http/endpoints.go:43.3,43.23 1 1
webhook-processor/internal/transport/http/handler.go:15.66,46.2 11 1
webhook-processor/internal/transport/http/handler.go:51.90,53.61 2 1
webhook-processor/internal/transport/http/handler.go:53.61,55.3 1 1
webhook-processor/internal/transport/http/handler.go:56.2,56.17 1 1
webhook-processor/internal/transport/http/handler.go:60.86,62.2 1 1
webhook-processor/internal/transport/http/handler.go:67.91,70.2 2 1
webhook-processor/internal/transport/http/middleware.go:17.61,20.2 2 1
webhook-processor/internal/transport/http/middleware.go:23.75,24.46 1 1
webhook-processor/internal/transport/http/middleware.go:24.46,25.72 1 1
webhook-processor/internal/transport/http/middleware.go:25.72,44.4 4 1
webhook-processor/internal/transport/http/middleware.go:49.53,50.71 1 1
webhook-processor/internal/transport/http/middleware.go:50.71,55.28 4 1
webhook-processor/internal/transport/http/middleware.go:55.28,58.4 2 0
webhook-processor/internal/transport/http/middleware.go:60.3,60.23 1 1
webhook-processor/internal/transport/http/middleware.go:65.76,66.46 1 1
webhook-processor/internal/transport/http/middleware.go:66.46,67.72 1 1
webhook-processor/internal/transport/http/middleware.go:67.72,68.17 1 1
webhook-processor/internal/transport/http/middleware.go:68.17,69.37 1 1
webhook-processor/internal/transport/http/middleware.go:69.37,79.6 4 1
webhook-processor/internal/transport/http/middleware.go:81.4,81.24 1 1
webhook-processor/internal/transport/http/service.go:24.72,28.2 1 1
webhook-processor/internal/transport/http/service.go:31.111,37.16 3 1
webhook-processor/internal/transport/http/service.go:37.16,42.3 1 1
webhook-processor/internal/transport/http/service.go:45.2,48.22 3 1
webhook-processor/internal/transport/http/service.go:52.74,55.16 2 1
webhook-processor/internal/transport/http/service.go:55.16,57.3 1 1
webhook-processor/internal/transport/http/service.go:60.2,63.22 3 1
webhook-processor/internal/domain/entities/webhook_queue.go:94.40,96.2 1 1
webhook-processor/internal/domain/enums/event_type.go:19.35,20.11 1 1
webhook-processor/internal/domain/enums/event_type.go:21.39,22.14 1 1
webhook-processor/internal/domain/enums/event_type.go:23.10,24.15 1 1
webhook-processor/internal/domain/enums/event_type.go:29.37,30.18 1 1
webhook-processor/internal/domain/enums/event_type.go:30.18,33.3 1 1
webhook-processor/internal/domain/enums/event_type.go:34.2,34.12 1 1
webhook-processor/internal/domain/enums/webhook_status.go:25.43,27.2 1 1
webhook-processor/internal/application/services/webhook_application_service.go:56.106,61.2 1 1
webhook-processor/internal/application/services/webhook_application_service.go:64.132,66.49 1 1
webhook-processor/internal/application/services/webhook_application_service.go:66.49,71.3 1 1
webhook-processor/internal/application/services/webhook_application_service.go:74.2,75.16 2 1
webhook-processor/internal/application/services/webhook_application_service.go:75.16,80.3 1 1
webhook-processor/internal/application/services/webhook_application_service.go:82.2,86.8 1 1
webhook-processor/internal/application/services/webhook_application_service.go:90.95,101.2 1 1
webhook-processor/internal/application/usecases/webhook_processor.go:32.21,39.2 1 1
webhook-processor/internal/application/usecases/webhook_processor.go:42.134,45.16 2 1
webhook-processor/internal/application/usecases/webhook_processor.go:45.16,47.3 1 1
webhook-processor/internal/application/usecases/webhook_processor.go:49.2,49.19 1 1
webhook-processor/internal/application/usecases/webhook_processor.go:49.19,51.3 1 1
webhook-processor/internal/application/usecases/webhook_processor.go:53.2,53.22 1 1
webhook-processor/internal/application/usecases/webhook_processor.go:53.22,55.3 1 1
webhook-processor/internal/application/usecases/webhook_processor.go:58.2,70.65 2 1
webhook-processor/internal/application/usecases/webhook_processor.go:70.65,72.3 1 1
webhook-processor/internal/application/usecases/webhook_processor.go:74.2,77.12 2 1
webhook-processor/internal/application/usecases/webhook_processor.go:81.120,99.21 9 1
webhook-processor/internal/application/usecases/webhook_processor.go:99.21,102.3 2 1
webhook-processor/internal/application/usecases/webhook_processor.go:104.2,105.16 2 1
webhook-processor/internal/application/usecases/webhook_processor.go:105.16,107.3 1 1
webhook-processor/internal/application/usecases/webhook_processor.go:107.8,107.77 1 1
webhook-processor/internal/application/usecases/webhook_processor.go:107.77,110.3 1 1
webhook-processor/internal/application/usecases/webhook_processor.go:113.2,113.195 1 1
webhook-processor/internal/application/usecases/webhook_processor.go:113.195,116.3 1 1
webhook-processor/internal/application/usecases/webhook_processor.go:119.2,120.20 2 1
webhook-processor/internal/application/usecases/webhook_processor.go:120.20,122.3 1 1
webhook-processor/internal/application/usecases/webhook_processor.go:125.2,125.83 1 1
webhook-processor/internal/application/usecases/webhook_processor.go:125.83,127.94 1 1
webhook-processor/internal/application/usecases/webhook_processor.go:127.94,131.4 2 1
webhook-processor/internal/application/usecases/webhook_processor.go:133.3,136.13 2 1
webhook-processor/internal/application/usecases/webhook_processor.go:140.2,140.24 1 1
webhook-processor/internal/application/usecases/webhook_processor.go:140.24,149.66 6 1
webhook-processor/internal/application/usecases/webhook_processor.go:149.66,153.4 2 1
webhook-processor/internal/application/usecases/webhook_processor.go:155.3,158.13 2 1
webhook-processor/internal/application/usecases/webhook_processor.go:162.2,163.16 2 1
webhook-processor/internal/application/usecases/webhook_processor.go:163.16,165.3 1 1
webhook-processor/internal/application/usecases/webhook_processor.go:165.8,165.28 1 1
webhook-processor/internal/application/usecases/webhook_processor.go:165.28,167.3 1 1
webhook-processor/internal/application/usecases/webhook_processor.go:169.2,169.87 1 1
webhook-processor/internal/application/usecases/webhook_processor.go:169.87,173.3 2 1
webhook-processor/internal/application/usecases/webhook_processor.go:175.2,178.12 2 1
webhook-processor/internal/application/usecases/webhook_processor.go:182.71,184.2 1 1
webhook-processor/internal/application/usecases/webhook_processor.go:187.78,191.20 2 1
webhook-processor/internal/application/usecases/webhook_processor.go:192.9,193.30 1 1
webhook-processor/internal/application/usecases/webhook_processor.go:194.9,195.30 1 1
webhook-processor/internal/application/usecases/webhook_processor.go:196.9,197.31 1 1
webhook-processor/internal/application/usecases/webhook_processor.go:198.9,199.31 1 1
webhook-processor/internal/application/usecases/webhook_processor.go:200.9,201.31 1 1
webhook-processor/internal/application/usecases/webhook_processor.go:202.9,203.32 1 1
webhook-processor/internal/application/usecases/webhook_processor.go:204.10,205.28 1 1
webhook-processor/internal/application/usecases/webhook_processor.go:209.2,213.30 4 1
webhook-processor/internal/application/usecases/webhook_processor.go:213.30,215.3 1 1
webhook-processor/internal/application/usecases/webhook_processor.go:217.2,217.41 1 1
webhook-processor/internal/application/usecases/webhook_processor.go:221.143,223.2 1 1
webhook-processor/internal/application/usecases/webhook_processor.go:226.110,232.2 3 1
webhook-processor/internal/infrastructure/repositories/webhook_config_repository_impl.go:20.92,21.15 1 1
webhook-processor/internal/infrastructure/repositories/webhook_config_repository_impl.go:21.15,23.3 1 1
webhook-processor/internal/infrastructure/repositories/webhook_config_repository_impl.go:24.2,24.50 1 1
webhook-processor/internal/infrastructure/repositories/webhook_config_repository_impl.go:28.111,30.70 2 0
webhook-processor/internal/infrastructure/repositories/webhook_config_repository_impl.go:30.70,31.36 1 0
webhook-processor/internal/infrastructure/repositories/webhook_config_repository_impl.go:31.36,33.4 1 0
webhook-processor/internal/infrastructure/repositories/webhook_config_repository_impl.go:34.3,34.72 1 0
webhook-processor/internal/infrastructure/repositories/webhook_config_repository_impl.go:36.2,36.37 1 0
webhook-processor/internal/infrastructure/repositories/webhook_config_repository_impl.go:40.111,51.2 1 1
webhook-processor/internal/infrastructure/repositories/webhook_queue_repository_impl.go:24.90,25.15 1 1
webhook-processor/internal/infrastructure/repositories/webhook_queue_repository_impl.go:25.15,27.3 1 1
webhook-processor/internal/infrastructure/repositories/webhook_queue_repository_impl.go:28.2,28.49 1 1
webhook-processor/internal/infrastructure/repositories/webhook_queue_repository_impl.go:32.104,34.66 2 0
webhook-processor/internal/infrastructure/repositories/webhook_queue_repository_impl.go:34.66,36.3 1 0
webhook-processor/internal/infrastructure/repositories/webhook_queue_repository_impl.go:37.2,39.12 3 0
webhook-processor/internal/infrastructure/repositories/webhook_queue_repository_impl.go:43.104,45.101 2 0
webhook-processor/internal/infrastructure/repositories/webhook_queue_repository_impl.go:45.101,47.3 1 0
webhook-processor/internal/infrastructure/repositories/webhook_queue_repository_impl.go:49.2,51.72 2 0
webhook-processor/internal/infrastructure/repositories/webhook_queue_repository_impl.go:51.72,53.3 1 0
webhook-processor/internal/infrastructure/repositories/webhook_queue_repository_impl.go:54.2,54.12 1 0
webhook-processor/internal/infrastructure/repositories/webhook_queue_repository_impl.go:59.152,64.21 3 0
webhook-processor/internal/infrastructure/repositories/webhook_queue_repository_impl.go:64.21,66.3 1 0
webhook-processor/internal/infrastructure/repositories/webhook_queue_repository_impl.go:67.2,79.16 4 0
webhook-processor/internal/infrastructure/repositories/webhook_queue_repository_impl.go:79.16,80.36 1 0
webhook-processor/internal/infrastructure/repositories/webhook_queue_repository_impl.go:80.36,83.4 2 0
webhook-processor/internal/infrastructure/repositories/webhook_queue_repository_impl.go:84.3,84.95 1 0
webhook-processor/internal/infrastructure/repositories/webhook_queue_repository_impl.go:88.2,92.24 1 0
webhook-processor/internal/infrastructure/repositories/webhook_queue_repository_impl.go:92.24,94.3 1 0
webhook-processor/internal/infrastructure/repositories/webhook_queue_repository_impl.go:97.2,97.42 1 0
webhook-processor/internal/infrastructure/repositories/webhook_queue_repository_impl.go:97.42,99.3 1 0
webhook-processor/internal/infrastructure/repositories/webhook_queue_repository_impl.go:102.2,105.37 3 0
webhook-processor/internal/infrastructure/repositories/webhook_queue_repository_impl.go:109.227,115.20 2 0
webhook-processor/internal/infrastructure/repositories/webhook_queue_repository_impl.go:115.20,117.3 1 0
webhook-processor/internal/infrastructure/repositories/webhook_queue_repository_impl.go:120.2,120.20 1 0
webhook-processor/internal/infrastructure/repositories/webhook_queue_repository_impl.go:121.9,123.25 2 0
webhook-processor/internal/infrastructure/repositories/webhook_queue_repository_impl.go:123.25,125.4 1 0
webhook-processor/internal/infrastructure/repositories/webhook_queue_repository_impl.go:126.3,129.21 4 0
webhook-processor/internal/infrastructure/repositories/webhook_queue_repository_impl.go:129.21,131.4 1 0
webhook-processor/internal/infrastructure/repositories/webhook_queue_repository_impl.go:132.9,134.25 2 0
webhook-processor/internal/infrastructure/repositories/webhook_queue_repository_impl.go:134.25,136.4 1 0
webhook-processor/internal/infrastructure/repositories/webhook_queue_repository_impl.go:137.3,140.21 4 0
webhook-processor/internal/infrastructure/repositories/webhook_queue_repository_impl.go:140.21,142.4 1 0
webhook-processor/internal/infrastructure/repositories/webhook_queue_repository_impl.go:143.9,145.25 2 0
webhook-processor/internal/infrastructure/repositories/webhook_queue_repository_impl.go:145.25,147.4 1 0
webhook-processor/internal/infrastructure/repositories/webhook_queue_repository_impl.go:148.3,151.21 4 0
webhook-processor/internal/infrastructure/repositories/webhook_queue_repository_impl.go:151.21,153.4 1 0
webhook-processor/internal/infrastructure/repositories/webhook_queue_repository_impl.go:154.9,156.25 2 0
webhook-processor/internal/infrastructure/repositories/webhook_queue_repository_impl.go:156.25,158.4 1 0
webhook-processor/internal/infrastructure/repositories/webhook_queue_repository_impl.go:159.3,162.21 4 0
webhook-processor/internal/infrastructure/repositories/webhook_queue_repository_impl.go:162.21,164.4 1 0
webhook-processor/internal/infrastructure/repositories/webhook_queue_repository_impl.go:165.9,167.25 2 0
webhook-processor/internal/infrastructure/repositories/webhook_queue_repository_impl.go:167.25,169.4 1 0
webhook-processor/internal/infrastructure/repositories/webhook_queue_repository_impl.go:170.3,173.21 4 0
webhook-processor/internal/infrastructure/repositories/webhook_queue_repository_impl.go:173.21,175.4 1 0
webhook-processor/internal/infrastructure/repositories/webhook_queue_repository_impl.go:176.9,178.25 2 0
webhook-processor/internal/infrastructure/repositories/webhook_queue_repository_impl.go:178.25,180.4 1 0
webhook-processor/internal/infrastructure/repositories/webhook_queue_repository_impl.go:181.3,184.21 4 0
webhook-processor/internal/infrastructure/repositories/webhook_queue_repository_impl.go:184.21,186.4 1 0
webhook-processor/internal/infrastructure/repositories/webhook_queue_repository_impl.go:187.9,189.25 2 0
webhook-processor/internal/infrastructure/repositories/webhook_queue_repository_impl.go:189.25,191.4 1 0
webhook-processor/internal/infrastructure/repositories/webhook_queue_repository_impl.go:192.3,195.21 4 0
webhook-processor/internal/infrastructure/repositories/webhook_queue_repository_impl.go:195.21,197.4 1 0
webhook-processor/internal/infrastructure/repositories/webhook_queue_repository_impl.go:200.2,203.38 1 0
webhook-processor/internal/infrastructure/repositories/webhook_queue_repository_impl.go:203.38,205.3 1 0
webhook-processor/internal/infrastructure/repositories/webhook_queue_repository_impl.go:207.2,207.12 1 0
webhook-processor/internal/infrastructure/repositories/webhook_queue_repository_impl.go:211.127,221.24 2 0
webhook-processor/internal/infrastructure/repositories/webhook_queue_repository_impl.go:221.24,223.3 1 0
webhook-processor/internal/infrastructure/repositories/webhook_queue_repository_impl.go:224.2,224.12 1 0
webhook-processor/internal/infrastructure/repositories/webhook_queue_repository_impl.go:228.110,237.24 2 0
webhook-processor/internal/infrastructure/repositories/webhook_queue_repository_impl.go:237.24,239.3 1 0
webhook-processor/internal/infrastructure/repositories/webhook_queue_repository_impl.go:240.2,240.12 1 0
webhook-processor/internal/infrastructure/repositories/webhook_queue_repository_impl.go:243.124,245.32 1 1
webhook-processor/internal/infrastructure/repositories/webhook_queue_repository_impl.go:245.32,247.3 1 1
webhook-processor/internal/infrastructure/repositories/webhook_queue_repository_impl.go:249.2,249.28 1 1
webhook-processor/internal/infrastructure/repositories/webhook_queue_repository_impl.go:249.28,251.3 1 1
webhook-processor/internal/infrastructure/repositories/webhook_queue_repository_impl.go:253.2,253.26 1 1
webhook-processor/internal/infrastructure/repositories/webhook_queue_repository_impl.go:253.26,255.3 1 1
webhook-processor/internal/infrastructure/repositories/webhook_queue_repository_impl.go:257.2,257.26 1 1
webhook-processor/internal/infrastructure/repositories/webhook_queue_repository_impl.go:257.26,259.3 1 1
webhook-processor/internal/infrastructure/repositories/webhook_queue_repository_impl.go:261.2,261.29 1 1
webhook-processor/internal/infrastructure/repositories/webhook_queue_repository_impl.go:261.29,263.3 1 1
webhook-processor/internal/infrastructure/repositories/webhook_queue_repository_impl.go:265.2,265.25 1 1
webhook-processor/internal/infrastructure/repositories/webhook_queue_repository_impl.go:265.25,267.3 1 1
webhook-processor/internal/infrastructure/repositories/webhook_queue_repository_impl.go:269.2,269.60 1 1
webhook-processor/internal/infrastructure/repositories/webhook_queue_repository_impl.go:269.60,272.3 2 1
webhook-processor/internal/infrastructure/repositories/webhook_queue_repository_impl.go:274.2,274.28 1 1
webhook-processor/internal/infrastructure/repositories/webhook_queue_repository_impl.go:274.28,276.3 1 1
webhook-processor/internal/infrastructure/repositories/webhook_queue_repository_impl.go:278.2,278.32 1 1
webhook-processor/internal/infrastructure/repositories/webhook_queue_repository_impl.go:278.32,280.3 1 1
webhook-processor/internal/infrastructure/repositories/webhook_queue_repository_impl.go:283.2,283.32 1 1
webhook-processor/internal/infrastructure/repositories/webhook_queue_repository_impl.go:283.32,285.3 1 1
webhook-processor/internal/infrastructure/repositories/webhook_queue_repository_impl.go:287.2,287.39 1 1
webhook-processor/internal/infrastructure/repositories/webhook_queue_repository_impl.go:287.39,289.3 1 1
webhook-processor/internal/infrastructure/repositories/webhook_queue_repository_impl.go:291.2,291.31 1 1
webhook-processor/internal/infrastructure/repositories/webhook_queue_repository_impl.go:291.31,293.3 1 1
webhook-processor/internal/infrastructure/repositories/webhook_queue_repository_impl.go:295.2,295.29 1 1
webhook-processor/internal/infrastructure/repositories/webhook_queue_repository_impl.go:295.29,297.3 1 1
webhook-processor/internal/infrastructure/repositories/webhook_queue_repository_impl.go:303.110,372.2 1 1
webhook-processor/internal/infrastructure/repositories/webhook_queue_repository_impl.go:376.108,445.2 1 1
webhook-processor/internal/infrastructure/services/webhook_service_impl.go:21.86,31.2 1 1
webhook-processor/internal/infrastructure/services/webhook_service_impl.go:34.130,42.16 4 1
webhook-processor/internal/infrastructure/services/webhook_service_impl.go:42.16,47.3 1 1
webhook-processor/internal/infrastructure/services/webhook_service_impl.go:50.2,57.16 5 1
webhook-processor/internal/infrastructure/services/webhook_service_impl.go:57.16,62.3 1 1
webhook-processor/internal/infrastructure/services/webhook_service_impl.go:63.2,67.16 3 1
webhook-processor/internal/infrastructure/services/webhook_service_impl.go:67.16,73.3 1 1
webhook-processor/internal/infrastructure/services/webhook_service_impl.go:75.2,79.8 1 1
